<?xml version="1.0" encoding="UTF-8"?>
<!-- Generated by org.testng.reporters.JUnitReportReporter -->
<testsuite skipped="0" hostname="Admin" name="webdriver.Topic_22_Upload_File" tests="1" failures="0" timestamp="02 Jun 2020 05:22:20 GMT" time="94.464" errors="0">
  <testcase name="TC_04" time="94.464" classname="webdriver.Topic_22_Upload_File"/>
</testsuite> <!-- webdriver.Topic_22_Upload_File -->
