<?xml version="1.0" encoding="UTF-8"?>
<!-- Generated by org.testng.reporters.JUnitReportReporter -->
<testsuite skipped="0" hostname="Admin" name="testNG.TNT_2" tests="2" failures="0" timestamp="06 Jun 2020 11:29:29 GMT" time="0.006" errors="0">
  <testcase name="TC_02" time="0.005" classname="testNG.TNT_2"/>
  <testcase name="TC_01" time="0.001" classname="testNG.TNT_2"/>
</testsuite> <!-- testNG.TNT_2 -->
