<?xml version="1.0" encoding="UTF-8"?>
<!-- Generated by org.testng.reporters.JUnitReportReporter -->
<testsuite hostname="Admin" name="webdriver.Topic07_Xpath_Technical" tests="1" failures="0" timestamp="19 May 2020 05:05:32 GMT" time="7.645" errors="0">
  <testcase name="TC_06_CreateNewAccount" time="7.645" classname="webdriver.Topic07_Xpath_Technical"/>
</testsuite> <!-- webdriver.Topic07_Xpath_Technical -->
