<?xml version="1.0" encoding="UTF-8"?>
<!-- Generated by org.testng.reporters.JUnitReportReporter -->
<testsuite hostname="Admin" name="webdriver.Topic_10_Web_Browser_API" tests="1" failures="0" timestamp="21 May 2020 04:53:04 GMT" time="4.483" errors="0">
  <testcase name="TC_04_Get_Page_Source_Code" time="4.483" classname="webdriver.Topic_10_Web_Browser_API"/>
</testsuite> <!-- webdriver.Topic_10_Web_Browser_API -->
