<?xml version="1.0" encoding="UTF-8"?>
<!-- Generated by org.testng.reporters.JUnitReportReporter -->
<testsuite hostname="Admin" name="webdriver.Topic_17_User_Interaction" tests="1" failures="0" timestamp="27 May 2020 10:08:35 GMT" time="3.420" errors="0">
  <testcase name="TC_07_Drag_And_Drop_HTML5_Xpath" time="3.420" classname="webdriver.Topic_17_User_Interaction"/>
</testsuite> <!-- webdriver.Topic_17_User_Interaction -->
