<?xml version="1.0" encoding="UTF-8"?>
<!-- Generated by org.testng.reporters.JUnitReportReporter -->
<testsuite hostname="Admin" name="webdriver.Topic_12_Handle_Textbox_TextArea" tests="2" failures="0" timestamp="22 May 2020 09:41:38 GMT" time="13.205" errors="0">
  <testcase name="TC_01_Add_New_Customer" time="8.675" classname="webdriver.Topic_12_Handle_Textbox_TextArea"/>
  <testcase name="TC_02_Edit_Customer" time="4.530" classname="webdriver.Topic_12_Handle_Textbox_TextArea"/>
</testsuite> <!-- webdriver.Topic_12_Handle_Textbox_TextArea -->
