<?xml version="1.0" encoding="UTF-8"?>
<!-- Generated by org.testng.reporters.JUnitReportReporter -->
<testsuite skipped="0" hostname="Admin" name="webdriver.TestNG_FrameWork" tests="6" failures="0" timestamp="05 Jun 2020 10:37:44 GMT" time="0.022" errors="0">
  <testcase name="TC_06" time="0.002" classname="webdriver.TestNG_FrameWork"/>
  <testcase name="TC_01" time="0.010" classname="webdriver.TestNG_FrameWork"/>
  <testcase name="TC_04" time="0.002" classname="webdriver.TestNG_FrameWork"/>
  <testcase name="TC_03" time="0.001" classname="webdriver.TestNG_FrameWork"/>
  <testcase name="TC_02" time="0.002" classname="webdriver.TestNG_FrameWork"/>
  <testcase name="TC_05" time="0.005" classname="webdriver.TestNG_FrameWork"/>
</testsuite> <!-- webdriver.TestNG_FrameWork -->
