<?xml version="1.0" encoding="UTF-8"?>
<!-- Generated by org.testng.reporters.JUnitReportReporter -->
<testsuite hostname="Admin" name="webdriver.Topic_15_Button_Radio_Checkbox" tests="1" failures="0" timestamp="26 May 2020 13:01:31 GMT" time="9.438" errors="0">
  <testcase name="TC_03_Custom_Checkbox_Radio" time="9.438" classname="webdriver.Topic_15_Button_Radio_Checkbox"/>
</testsuite> <!-- webdriver.Topic_15_Button_Radio_Checkbox -->
