<?xml version="1.0" encoding="UTF-8"?>
<!-- Generated by org.testng.reporters.JUnitReportReporter -->
<testsuite hostname="Admin" name="webdriver.Topic_23_WebDriver_Wait" tests="1" failures="0" timestamp="5 Jun 2020 13:19:02 GMT" time="13.350" errors="0">
  <testcase name="TC_08_Fluent_Wait" time="13.350" classname="webdriver.Topic_23_WebDriver_Wait"/>
</testsuite> <!-- webdriver.Topic_23_WebDriver_Wait -->
