<?xml version="1.0" encoding="UTF-8"?>
<!-- Generated by org.testng.reporters.JUnitReportReporter -->
<testsuite hostname="Admin" name="webdriver.Topic_11_Web_Element_API" tests="1" failures="0" timestamp="21 May 2020 09:28:50 GMT" time="4.988" errors="0">
  <testcase name="TC_03_Verify_Element_Selected" time="4.988" classname="webdriver.Topic_11_Web_Element_API"/>
</testsuite> <!-- webdriver.Topic_11_Web_Element_API -->
