<?xml version="1.0" encoding="UTF-8"?>
<!-- Generated by org.testng.reporters.JUnitReportReporter -->
<testsuite hostname="Admin" name="webdriver.Topic_13_Default_Dropdown_List" tests="1" failures="0" timestamp="25 May 2020 04:50:22 GMT" time="27.496" errors="0">
  <testcase name="TC_03_MultipleDefaultDropDownList" time="27.496" classname="webdriver.Topic_13_Default_Dropdown_List"/>
</testsuite> <!-- webdriver.Topic_13_Default_Dropdown_List -->
