<?xml version="1.0" encoding="UTF-8"?>
<!-- Generated by org.testng.reporters.JUnitReportReporter -->
<testsuite hostname="Admin" name="testNG.Topic_24_TestNG_FrameWork_01" tests="6" failures="0" timestamp="5 Jun 2020 11:14:09 GMT" time="0.020" errors="0">
  <testcase name="TC_04" time="0.002" classname="testNG.Topic_24_TestNG_FrameWork_01"/>
  <testcase name="TC_01" time="0.012" classname="testNG.Topic_24_TestNG_FrameWork_01"/>
  <testcase name="TC_06" time="0.001" classname="testNG.Topic_24_TestNG_FrameWork_01"/>
  <testcase name="TC_05" time="0.001" classname="testNG.Topic_24_TestNG_FrameWork_01"/>
  <testcase name="TC_02" time="0.002" classname="testNG.Topic_24_TestNG_FrameWork_01"/>
  <testcase name="TC_03" time="0.002" classname="testNG.Topic_24_TestNG_FrameWork_01"/>
</testsuite> <!-- testNG.Topic_24_TestNG_FrameWork_01 -->
