<?xml version="1.0" encoding="UTF-8"?>
<!-- Generated by org.testng.reporters.JUnitReportReporter -->
<testsuite hostname="Admin" name="webdriver.Topic_21_JavaScript_Executor" tests="1" failures="0" timestamp="31 May 2020 14:10:31 GMT" time="24.050" errors="0">
  <testcase name="TC_03_Create_Account" time="24.050" classname="webdriver.Topic_21_JavaScript_Executor"/>
</testsuite> <!-- webdriver.Topic_21_JavaScript_Executor -->
