<?xml version="1.0" encoding="UTF-8"?>
<!-- Generated by org.testng.reporters.JUnitReportReporter -->
<testsuite skipped="0" hostname="Admin" name="testNG.TNT_1" tests="2" failures="0" timestamp="06 Jun 2020 11:29:29 GMT" time="0.014" errors="0">
  <testcase name="TC_01" time="0.011" classname="testNG.TNT_1"/>
  <testcase name="TC_02" time="0.003" classname="testNG.TNT_1"/>
</testsuite> <!-- testNG.TNT_1 -->
