<?xml version="1.0" encoding="UTF-8"?>
<!-- Generated by org.testng.reporters.JUnitReportReporter -->
<testsuite hostname="Admin" name="webdriver.Topic_20_Iframe_Window" tests="1" failures="0" timestamp="29 May 2020 14:11:17 GMT" time="9.072" errors="0">
  <testcase name="TC_04_Window_3" time="9.072" classname="webdriver.Topic_20_Iframe_Window"/>
</testsuite> <!-- webdriver.Topic_20_Iframe_Window -->
