<?xml version="1.0" encoding="UTF-8"?>
<!-- Generated by org.testng.reporters.JUnitReportReporter -->
<testsuite hostname="Admin" name="webdriver.Topic_24_TestNG_FrameWork_01" tests="6" failures="0" timestamp="5 Jun 2020 10:56:13 GMT" time="0.022" errors="0">
  <testcase name="TC_04" time="0.002" classname="webdriver.Topic_24_TestNG_FrameWork_01"/>
  <testcase name="TC_01" time="0.010" classname="webdriver.Topic_24_TestNG_FrameWork_01"/>
  <testcase name="TC_06" time="0.002" classname="webdriver.Topic_24_TestNG_FrameWork_01"/>
  <testcase name="TC_05" time="0.005" classname="webdriver.Topic_24_TestNG_FrameWork_01"/>
  <testcase name="TC_02" time="0.001" classname="webdriver.Topic_24_TestNG_FrameWork_01"/>
  <testcase name="TC_03" time="0.002" classname="webdriver.Topic_24_TestNG_FrameWork_01"/>
</testsuite> <!-- webdriver.Topic_24_TestNG_FrameWork_01 -->
